<?xml version="1.0" encoding="UTF-8"?>
<!-- Generated by org.testng.reporters.JUnitXMLReporter -->
<testsuite ignored="0" hostname="Maniraaj" failures="1" tests="1" name="Negative Scenarios" time="12.6" errors="0" timestamp="2024-02-05T14:36:14 EST">
  <testcase classname="frameworkPractice.Tests.ErrorValidations" name="LoginErrorValidation" time="1.224">
    <failure type="java.lang.AssertionError" message="expected [Incorrect email or password.] but found [Incorrect email password.]">
      <![CDATA[java.lang.AssertionError: expected [Incorrect email or password.] but found [Incorrect email password.]
at frameworkPractice.Tests.ErrorValidations.LoginErrorValidation(ErrorValidations.java:24)
at java.base/java.util.ArrayList.forEach(ArrayList.java:1511)
... Removed 33 stack frames]]>
    </failure>
  </testcase> <!-- LoginErrorValidation -->
</testsuite> <!-- Negative Scenarios -->
