<?xml version="1.0" encoding="UTF-8"?>
<!-- Generated by org.testng.reporters.JUnitXMLReporter -->
<testsuite ignored="1" hostname="Maniraaj" failures="1" tests="1" name="Poitive Scenarios" time="0.051" errors="0" timestamp="2024-02-04T21:57:46 EST">
  <testcase classname="frameworkPractice.testingComponents.standaloneTest_changes" name="standaloneTest_Changes" time="0.012">
    <failure type="org.testng.internal.reflect.MethodMatcherException" message="
[public void frameworkPractice.testingComponents.standaloneTest_changes.standaloneTest_Changes(java.lang.String,java.lang.String,java.lang.String) throws java.io.IOException] has no parameters defined but was found to be using a data provider (either explicitly specified or inherited from class level annotation).
Data provider mismatch
Method: standaloneTest_Changes([java.lang.String arg0, java.lang.String arg1, java.lang.String arg2])
Arguments: [(java.util.HashMap) {product=ZARA COAT 3, pwd=M@n1raaj, email=maniraajsn@gmail.com}]">
      <![CDATA[org.testng.internal.reflect.MethodMatcherException: 
[public void frameworkPractice.testingComponents.standaloneTest_changes.standaloneTest_Changes(java.lang.String,java.lang.String,java.lang.String) throws java.io.IOException] has no parameters defined but was found to be using a data provider (either explicitly specified or inherited from class level annotation).
Data provider mismatch
Method: standaloneTest_Changes([java.lang.String arg0, java.lang.String arg1, java.lang.String arg2])
Arguments: [(java.util.HashMap) {product=ZARA COAT 3, pwd=M@n1raaj, email=maniraajsn@gmail.com}]
at java.base/java.util.ArrayList.forEach(ArrayList.java:1511)
... Removed 22 stack frames]]>
    </failure>
  </testcase> <!-- standaloneTest_Changes -->
  <testcase classname="frameworkPractice.testingComponents.standaloneTest_changes" name="OrderHistoryTest" time="0.0">
    <ignored/>
  </testcase> <!-- OrderHistoryTest -->
</testsuite> <!-- Poitive Scenarios -->
