<?xml version="1.0" encoding="UTF-8"?>
<!-- Generated by org.testng.reporters.JUnitXMLReporter -->
<testsuite ignored="0" hostname="Maniraaj" failures="0" tests="3" name="Positive Scenarios" time="46.35" errors="0" timestamp="2024-02-05T14:37:00 EST">
  <testcase classname="frameworkPractice.Tests.standaloneTest_changes" name="standaloneTest_Changes" time="4.981"/>
  <testcase classname="frameworkPractice.Tests.standaloneTest_changes" name="standaloneTest_Changes" time="17.141"/>
  <testcase classname="frameworkPractice.Tests.standaloneTest_changes" name="OrderHistoryTest" time="1.66"/>
</testsuite> <!-- Positive Scenarios -->
